###!--------------------------
###! JOC DE PROVES: easy_dial
###!--------------------------
###!
###! NOTA:
###! per provar el metode "seguent" agafant
###! com argument el caracter phone::ENDPREF
###! aquest driver ha de llegir la cadena buida
###! (""), es a dir a la linea hem de escriure:
###!       seguent ""
###!
###!--------------------------
###! Index del joc de proves
###!--------------------------
###!
###!   0 easy_dial SENSE TELEFONS
###!   0.1             easy_dial BUIT (call_registry BUIT)
###!   0.1.1       recorreguts sense fer previament inici
###!   0.1.2      recorreguts havent fet previament inici
###!   0.1.3    altres metodes: comencen + longitud_mitj
###!   0.2               easy_dial BUIT (call_registry amb
###!   0.2.1       recorreguts sense fer previament inici
###!   0.2.2      recorreguts havent fet previament inici
###!   0.2.3    altres metodes: comencen + longitud_mitj
###!   
###!   1 easy_dial AMB UN TELEFON
###!   1.1         recorreguts sense fer previament inici
###!   1.2        recorreguts havent fet previament inici
###!   1.3      altres metodes: comencen + longitud_mitj
###!   
###!   2 easy_dial AMB DOS TELEFONS
###!   2.1         no comparteixen prefixe
###!   2.1.1       1001 > 1002
###!   2.1.2       1001 < 1002
###!   2.2         comparteixen prefixe |p| = 1
###!   2.2.1       1001 > 1002
###!   2.2.2       1001 < 1002
###!   2.3         comparteixen prefixe |p| > 1
###!   2.3.1       1001 > 1002
###!   2.3.2       1001 < 1002
###!   2.4         un es prefixe de l'altre
###!   2.4.1       1001 > 1002
###!   2.4.2       1001 < 1002
###!   2.5         v es prefixe de l'altre i |v| = 1
###!   2.5.1       1001 > 1002
###!   2.5.2       1001 < 1002
###!   
###!   3 easy_dial AMB TRES TELEFONS
###!   3.1   Exemple que comprova que no se ha d'introduir
###!   
###!   5 easy_dial AMB CINC TELEFONS
###!   5.1                                     recorreguts
###!   5.1.1          baixant fins mes enlla de les fulles
###!   5.1.2        baixant i tornant enrera fins la arrel
###!   5.1.3                  recorregut de tots els nodes
###!   5.2      altres metodes: comencen + longitud_mitj
###!
###!  
###!  
###!-------------------------
###0 easy_dial SENSE TELEFONS
###!-------------------------
###!
###!--------------------------------------------------
###0.1             easy_dial BUIT (call_registry BUIT)
###!--------------------------------------------------
###!
#init rc call_registry
###!
###!--------------------------------------------------
###0.1.1       recorreguts sense fer previament inici
###!--------------------------------------------------
###!
#init d easy_dial rc
#inici

##
#inici

##
#d destroy
###!
#init d easy_dial rc
#num_telf
Error::easy_dial:31:Prefix en curs indefinit.
##Error::easy_dial:31:Prefix en curs indefinit.
#inici

##
#d destroy
###!
#init d easy_dial rc
#seguent Z
